INFO:root:Started
INFO:root:Started
INFO:root:Started
DEBUG:kafka.producer.kafka:Starting the Kafka producer
DEBUG:kafka.metrics.metrics:Added sensor with name connections-closed
DEBUG:kafka.metrics.metrics:Added sensor with name connections-created
DEBUG:kafka.metrics.metrics:Added sensor with name select-time
DEBUG:kafka.metrics.metrics:Added sensor with name io-time
DEBUG:kafka.metrics.metrics:Added sensor with name bufferpool-wait-time
DEBUG:kafka.metrics.metrics:Added sensor with name batch-size
DEBUG:kafka.metrics.metrics:Added sensor with name compression-rate
DEBUG:kafka.metrics.metrics:Added sensor with name queue-time
DEBUG:kafka.metrics.metrics:Added sensor with name produce-throttle-time
DEBUG:kafka.metrics.metrics:Added sensor with name records-per-request
DEBUG:kafka.metrics.metrics:Added sensor with name bytes
DEBUG:kafka.metrics.metrics:Added sensor with name record-retries
DEBUG:kafka.metrics.metrics:Added sensor with name errors
DEBUG:kafka.metrics.metrics:Added sensor with name record-size-max
DEBUG:kafka.producer.sender:Starting Kafka producer I/O thread.
DEBUG:kafka.client:Initializing connection to node bootstrap-0 for metadata request
DEBUG:kafka.producer.kafka:Kafka producer started
DEBUG:kafka.client:Initiating connection to node bootstrap-0 at localhost:9092
DEBUG:kafka.metrics.metrics:Added sensor with name bytes-sent-received
DEBUG:kafka.metrics.metrics:Added sensor with name bytes-sent
DEBUG:kafka.metrics.metrics:Added sensor with name bytes-received
DEBUG:kafka.metrics.metrics:Added sensor with name request-latency
DEBUG:kafka.metrics.metrics:Added sensor with name node-bootstrap-0.bytes-sent
DEBUG:kafka.metrics.metrics:Added sensor with name node-bootstrap-0.bytes-received
DEBUG:kafka.metrics.metrics:Added sensor with name node-bootstrap-0.latency
DEBUG:kafka.conn:<BrokerConnection node_id=bootstrap-0 host=localhost:9092 <disconnected> [unspecified None]>: creating new socket
DEBUG:kafka.conn:<BrokerConnection node_id=bootstrap-0 host=localhost:9092 <disconnected> [IPv4 ('127.0.0.1', 9092)]>: setting socket option (6, 1, 1)
INFO:kafka.conn:<BrokerConnection node_id=bootstrap-0 host=localhost:9092 <connecting> [IPv4 ('127.0.0.1', 9092)]>: connecting to localhost:9092 [('127.0.0.1', 9092) IPv4]
DEBUG:kafka.conn:<BrokerConnection node_id=bootstrap-0 host=localhost:9092 <connecting> [IPv4 ('127.0.0.1', 9092)]>: established TCP connection
INFO:kafka.conn:<BrokerConnection node_id=bootstrap-0 host=localhost:9092 <connecting> [IPv4 ('127.0.0.1', 9092)]>: Connection complete.
DEBUG:kafka.client:Node bootstrap-0 connected
DEBUG:kafka.client:Sending metadata request MetadataRequest_v1(topics=NULL) to node bootstrap-0
DEBUG:kafka.protocol.parser:Sending request MetadataRequest_v1(topics=NULL)
DEBUG:kafka.conn:<BrokerConnection node_id=bootstrap-0 host=localhost:9092 <connected> [IPv4 ('127.0.0.1', 9092)]> Request 1: MetadataRequest_v1(topics=NULL)
DEBUG:kafka.protocol.parser:Received correlation id: 1
DEBUG:kafka.protocol.parser:Processing response MetadataResponse_v1
DEBUG:kafka.conn:<BrokerConnection node_id=bootstrap-0 host=localhost:9092 <connected> [IPv4 ('127.0.0.1', 9092)]> Response 1 (1.2633800506591797 ms): MetadataResponse_v1(brokers=[(node_id=0, host='huanxu', port=9092, rack=None)], controller_id=0, topics=[(error_code=0, topic='deepstream', is_internal=False, partitions=[(error_code=0, partition=0, leader=0, replicas=[0], isr=[0])]), (error_code=0, topic='error', is_internal=False, partitions=[(error_code=0, partition=0, leader=0, replicas=[0], isr=[0])]), (error_code=0, topic='heartbeat', is_internal=False, partitions=[(error_code=0, partition=0, leader=0, replicas=[0], isr=[0])])])
DEBUG:kafka.cluster:Updated cluster metadata to ClusterMetadata(brokers: 1, topics: 3, groups: 0)
INFO:kafka.producer.kafka:Closing the Kafka producer with 0 secs timeout.
INFO:kafka.producer.kafka:Proceeding to force close the producer since pending requests could not be completed within timeout 0.
DEBUG:kafka.producer.kafka:The Kafka producer has closed.
